<?xml version="1.0" encoding="UTF-8"?>
<!-- Generated by org.testng.reporters.JUnitXMLReporter -->
<testsuite hostname="Dheeraj" ignored="0" name="chromeTest" tests="1" failures="0" timestamp="25 Sep 2018 20:14:03 GMT" time="134.932" errors="0">
  <testcase name="@AfterTest CloseWebDriver" time="0.003" classname="ca.amazon.base.Base">
    <failure type="java.lang.NullPointerException">
      <![CDATA[java.lang.NullPointerException
at ca.amazon.base.Base.CloseWebDriver(Base.java:74)
at java.util.concurrent.FutureTask.run(Unknown Source)
at java.util.concurrent.ThreadPoolExecutor.runWorker(Unknown Source)
at java.util.concurrent.ThreadPoolExecutor$Worker.run(Unknown Source)
at java.lang.Thread.run(Unknown Source)
... Removed 15 stack frames]]>
    </failure>
  </testcase> <!-- @AfterTest CloseWebDriver -->
  <testcase name="verifyLogin" time="57.242" classname="ca.amazon.tests.TC01VerifyLoginPageDisplay"/>
</testsuite> <!-- chromeTest -->
