<?xml version="1.0" encoding="UTF-8"?>
<!-- Generated by org.testng.reporters.JUnitXMLReporter -->
<testsuite hostname="Dheeraj" ignored="0" name="firefoxTest" tests="2" failures="2" timestamp="25 Sep 2018 20:12:31 GMT" time="42.928" errors="0">
  <testcase name="@AfterTest CloseWebDriver" time="0.003" classname="ca.amazon.base.Base">
    <failure type="java.lang.NullPointerException">
      <![CDATA[java.lang.NullPointerException
at ca.amazon.base.Base.CloseWebDriver(Base.java:74)
at java.util.concurrent.FutureTask.run(Unknown Source)
at java.util.concurrent.ThreadPoolExecutor.runWorker(Unknown Source)
at java.util.concurrent.ThreadPoolExecutor$Worker.run(Unknown Source)
at java.lang.Thread.run(Unknown Source)
... Removed 15 stack frames]]>
    </failure>
  </testcase> <!-- @AfterTest CloseWebDriver -->
  <testcase name="verifyLogin" time="0.433" classname="ca.amazon.tests.TC01VerifyLoginPageDisplay">
    <failure type="java.lang.NullPointerException">
      <![CDATA[java.lang.NullPointerException
at com.google.common.base.Preconditions.checkNotNull(Preconditions.java:882)
at org.openqa.selenium.interactions.Actions.<init>(Actions.java:68)
at ca.amazon.pageObjects.Home.ShopByDept(Home.java:28)
at ca.amazon.tests.TC01VerifyLoginPageDisplay.verifyLogin(TC01VerifyLoginPageDisplay.java:23)
at java.util.concurrent.FutureTask.run(Unknown Source)
at java.util.concurrent.ThreadPoolExecutor.runWorker(Unknown Source)
at java.util.concurrent.ThreadPoolExecutor$Worker.run(Unknown Source)
at java.lang.Thread.run(Unknown Source)
... Removed 16 stack frames]]>
    </failure>
  </testcase> <!-- verifyLogin -->
  <testcase name="verifyLogin" time="0.614" classname="ca.amazon.tests.TC01VerifyLoginPageDisplay">
    <failure type="java.lang.NullPointerException">
      <![CDATA[java.lang.NullPointerException
at ca.amazon.base.Utility.captureScreenshot(Utility.java:16)
at ca.amazon.base.TestListeners.onTestFailure(TestListeners.java:47)
at java.util.concurrent.FutureTask.run(Unknown Source)
at java.util.concurrent.ThreadPoolExecutor.runWorker(Unknown Source)
at java.util.concurrent.ThreadPoolExecutor$Worker.run(Unknown Source)
at java.lang.Thread.run(Unknown Source)
... Removed 13 stack frames]]>
    </failure>
  </testcase> <!-- verifyLogin -->
</testsuite> <!-- firefoxTest -->
