<?xml version="1.0" encoding="UTF-8"?>
<!-- Generated by org.testng.reporters.JUnitXMLReporter -->
<testsuite hostname="Dheeraj" ignored="0" name="Test" tests="1" failures="1" timestamp="26 Sep 2018 11:37:29 GMT" time="53.785" errors="0">
  <testcase name="verifyLogin" time="25.933" classname="ca.amazon.tests.TC01VerifyLoginPageDisplay">
    <failure type="java.lang.AssertionError" message="expected [Amazon Sign In] but found [Amazon.ca: Online shopping in Canada - books, electronics, Kindle, home &amp;amp; garden, DVDs, tools, music, health &amp;amp; beauty, watches, baby, sporting goods &amp;amp; more]">
      <![CDATA[java.lang.AssertionError: expected [Amazon Sign In] but found [Amazon.ca: Online shopping in Canada - books, electronics, Kindle, home & garden, DVDs, tools, music, health & beauty, watches, baby, sporting goods & more]
at ca.amazon.tests.TC01VerifyLoginPageDisplay.verifyLogin(TC01VerifyLoginPageDisplay.java:86)
... Removed 31 stack frames]]>
    </failure>
  </testcase> <!-- verifyLogin -->
</testsuite> <!-- Test -->
